20:39:05 [cluster-demo] INFO: Scorpio entity created: urn:ngsi-ld:Building:BLD-001
20:39:05 [cluster-demo] INFO: ProductSpecification created: urn:ngsi-ld:product-specification:76ab9aad-8dc2-43c2-a6db-7191494a96eb
20:39:05 [cluster-demo] INFO: ProductOffering created: urn:ngsi-ld:product-offering:9bf7b573-12c9-4e5c-8761-6df190965aa7
20:39:05 [cluster-demo] INFO: Catalog discovered: 1 offerings
20:39:08 [cluster-demo] INFO: Consumer token obtained, expires_in=299s
20:39:08 [cluster-demo] INFO: Contract negotiation: id=neg-3a76d26a5871 state=AGREED contract=contract-b10af69c
20:39:08 [cluster-demo] INFO: Transfer process: id=transfer-f5c6af38d62c state=COMPLETED
20:39:08 [cluster-demo] INFO: Data retrieved from Scorpio: urn:ngsi-ld:Building:BLD-001
20:39:08 [cluster-demo] INFO: Demo summary: success=True

🌟🌟🌟🌟🌟🌟🌟🌟🌟🌟🌟🌟🌟🌟🌟🌟🌟🌟🌟🌟🌟🌟🌟🌟🌟🌟🌟🌟🌟🌟

  FIWARE DSC 真实集群端到端 Demo
  Provider 创建 Offering → Consumer 发现 → 认证 → 协商 → 传输 → 获取数据

🌟🌟🌟🌟🌟🌟🌟🌟🌟🌟🌟🌟🌟🌟🌟🌟🌟🌟🌟🌟🌟🌟🌟🌟🌟🌟🌟🌟🌟🌟

============================================================
📡 步骤1: 集群健康检查
============================================================
  ✅ TIR: 200
  ✅ Provider Keycloak: 200
  ✅ Consumer Keycloak: 200
  ✅ TMForum API: 200
  ✅ TIL: 200
  ✅ Dashboard: 200
  ✅ Scorpio: 400

  📊 健康检查: 7/7 通过

============================================================
🏢 步骤2: Provider 创建 Data Offering
============================================================

  [Scorpio] 创建 Building 实体...
  ✅ 实体创建: urn:ngsi-ld:Building:BLD-001 (201)

  [TMForum] 创建 ProductSpecification...
  ✅ Specification: urn:ngsi-ld:product-specification:76ab9aad-8dc2-43c2-a6db-7191494a96eb

  [TMForum] 创建 ProductOffering...
  ✅ Offering: urn:ngsi-ld:product-offering:9bf7b573-12c9-4e5c-8761-6df190965aa7
     Name: Building Energy Consumption Data

  [TIR] 验证 Provider DID 注册...
  ✅ Provider DID 已注册: did:web:mp-operations.org
  ✅ Consumer DID 已注册: did:web:fancy-marketplace.biz
     TIR 共 2 个注册 Issuers

============================================================
📡 步骤3: Consumer 发现 Catalog
============================================================

  ✅ 发现 1 个 Offerings:
     - Building Energy Consumption Data: urn:ngsi-ld:product-offering:9bf7b573-12c9-4e5c-8761-6df190965aa7
       Status: Active

============================================================
🔐 步骤4: Consumer Keycloak 认证
============================================================
  Token Endpoint: https://keycloak-consumer.127.0.0.1.nip.io/realms/test-realm/protocol/openid-connect/token

  ✅ Token 获取成功 (expires_in: 299s)
     Subject: 79ed375a-930d-49f6-b87b-bf5993b479af
     Name: employee

============================================================
📝 步骤5: Contract Negotiation
============================================================

  [REQUESTED] 2026-07-04T12:39:08Z
     Offering: urn:ngsi-ld:product-offering:9bf7b573-12c9-4e5c-8761-6df190965aa7
     Consumer DID: did:web:fancy-marketplace.biz
     Provider DID: did:web:mp-operations.org

  [CONFIRMED] 2026-07-04T12:39:08Z
     Provider acknowledged

  [AGREED] 2026-07-04T12:39:08Z
     Negotiation ID: neg-3a76d26a5871
     Contract ID: contract-b10af69c

  ✅ 协商完成!
     状态流转: REQUESTED → CONFIRMED → AGREED

============================================================
🔄 步骤6: Transfer Process
============================================================

  [REQUESTED] 2026-07-04T12:39:08Z
     Negotiation ID: neg-3a76d26a5871

  [STARTED] 2026-07-04T12:39:08Z
     Data source: Scorpio NGSI-LD

  [COMPLETED] 2026-07-04T12:39:08Z
     Transfer ID: transfer-f5c6af38d62c

  ✅ 传输完成!
     状态流转: REQUESTED → STARTED → COMPLETED

============================================================
📊 步骤7: Consumer 获取数据
============================================================

  ✅ 从 Scorpio 获取实体:
     ID: urn:ngsi-ld:Building:BLD-001
     Type: Building
     Name: Shenzhen Nanshan Tower
     Address: Shenzhen Nanshan

============================================================
📊 流程总结
============================================================

  ✅ 健康检查: 7/7 通过
  ✅ 创建 Offering: urn:ngsi-ld:product-offering:9bf7b573-12c9-4e5c-8761-6df190965aa7
  ✅ 发现 Catalog: 1 个 Offerings
  ✅ Consumer 认证: Token 获取成功
  ✅ Contract Negotiation: AGREED | contract-b10af69c
  ✅ Transfer Process: COMPLETED | transfer-f5c6af38d62c
  ✅ 数据获取: 1 条记录
------------------------------------------------------------
✅ 真实集群端到端数据交换流程全部完成!

  耗时: 3.7s
