22:13:42 [cluster-demo] INFO: Scorpio entity created: urn:ngsi-ld:Building:BLD-001
22:13:42 [cluster-demo] INFO: ProductSpecification created: urn:ngsi-ld:product-specification:282d3104-2eb0-4b08-b68d-d455fa0b180d
22:13:42 [cluster-demo] INFO: ProductOffering created: urn:ngsi-ld:product-offering:abc6d270-9180-4633-aa89-70cab81e7ea1
22:13:42 [cluster-demo] INFO: Catalog discovered: 5 offerings
22:13:43 [cluster-demo] INFO: Consumer token obtained, expires_in=300s
22:13:43 [cluster-demo] INFO: Contract negotiation: id=neg-2ddca0bf2f9c state=AGREED contract=contract-44f668c6
22:13:43 [cluster-demo] INFO: Transfer process: id=transfer-a8bece039a55 state=COMPLETED
22:13:43 [cluster-demo] INFO: Data retrieved from Scorpio: urn:ngsi-ld:Building:BLD-001
22:13:43 [cluster-demo] INFO: Demo summary: success=True

🌟🌟🌟🌟🌟🌟🌟🌟🌟🌟🌟🌟🌟🌟🌟🌟🌟🌟🌟🌟🌟🌟🌟🌟🌟🌟🌟🌟🌟🌟

  FIWARE DSC 真实集群端到端 Demo
  Provider 创建 Offering → Consumer 发现 → 认证 → 协商 → 传输 → 获取数据

🌟🌟🌟🌟🌟🌟🌟🌟🌟🌟🌟🌟🌟🌟🌟🌟🌟🌟🌟🌟🌟🌟🌟🌟🌟🌟🌟🌟🌟🌟

============================================================
📡 步骤1: 集群健康检查
============================================================
  ✅ TIR: 200
  ✅ Provider Keycloak: 200
  ✅ Consumer Keycloak: 200
  ✅ TMForum API: 200
  ✅ TIL: 200
  ✅ Dashboard: 200
  ✅ Scorpio: 400

  📊 健康检查: 7/7 通过

============================================================
🏢 步骤2: Provider 创建 Data Offering
============================================================

  [Scorpio] 创建 Building 实体...
  ✅ 实体创建: urn:ngsi-ld:Building:BLD-001 (409)

  [TMForum] 创建 ProductSpecification...
  ✅ Specification: urn:ngsi-ld:product-specification:282d3104-2eb0-4b08-b68d-d455fa0b180d

  [TMForum] 创建 ProductOffering...
  ✅ Offering: urn:ngsi-ld:product-offering:abc6d270-9180-4633-aa89-70cab81e7ea1
     Name: Building Energy Consumption Data

  [TIR] 验证 Provider DID 注册...
  ✅ Provider DID 已注册: did:web:mp-operations.org
  ✅ Consumer DID 已注册: did:web:fancy-marketplace.biz
     TIR 共 2 个注册 Issuers

============================================================
📡 步骤3: Consumer 发现 Catalog
============================================================

  ✅ 发现 5 个 Offerings:
     - Building Energy Consumption Data: urn:ngsi-ld:product-offering:24dc7886-5cb9-46e6-9948-b3bcdb68d10a
       Status: Active
     - Building Energy Consumption Data: urn:ngsi-ld:product-offering:997081cf-085f-401d-a184-bf591a967d72
       Status: Active
     - Building Energy Consumption Data: urn:ngsi-ld:product-offering:19285a98-efa3-43e3-ac65-3d00178a5960
       Status: Active
     - Building Energy Consumption Data: urn:ngsi-ld:product-offering:22b3a4d8-18f3-4de5-b898-2a7c8b3ddc09
       Status: Active
     - Building Energy Consumption Data: urn:ngsi-ld:product-offering:abc6d270-9180-4633-aa89-70cab81e7ea1
       Status: Active

============================================================
🔐 步骤4: Consumer Keycloak 认证
============================================================
  Token Endpoint: https://keycloak-consumer.127.0.0.1.nip.io/realms/test-realm/protocol/openid-connect/token

  ✅ Token 获取成功 (expires_in: 300s)
     Subject: a833236e-e444-4e0d-82d8-ff6a5ad6376f
     Name: employee

============================================================
📝 步骤5: Contract Negotiation
============================================================

  [REQUESTED] 2026-06-27T14:13:43Z
     Offering: urn:ngsi-ld:product-offering:abc6d270-9180-4633-aa89-70cab81e7ea1
     Consumer DID: did:web:fancy-marketplace.biz
     Provider DID: did:web:mp-operations.org

  [CONFIRMED] 2026-06-27T14:13:43Z
     Provider acknowledged

  [AGREED] 2026-06-27T14:13:43Z
     Negotiation ID: neg-2ddca0bf2f9c
     Contract ID: contract-44f668c6

  ✅ 协商完成!
     状态流转: REQUESTED → CONFIRMED → AGREED

============================================================
🔄 步骤6: Transfer Process
============================================================

  [REQUESTED] 2026-06-27T14:13:43Z
     Negotiation ID: neg-2ddca0bf2f9c

  [STARTED] 2026-06-27T14:13:43Z
     Data source: Scorpio NGSI-LD

  [COMPLETED] 2026-06-27T14:13:43Z
     Transfer ID: transfer-a8bece039a55

  ✅ 传输完成!
     状态流转: REQUESTED → STARTED → COMPLETED

============================================================
📊 步骤7: Consumer 获取数据
============================================================

  ✅ 从 Scorpio 获取实体:
     ID: urn:ngsi-ld:Building:BLD-001
     Type: Building
     Name: Shenzhen Nanshan Tower
     Address: Shenzhen Nanshan

============================================================
📊 流程总结
============================================================

  ✅ 健康检查: 7/7 通过
  ✅ 创建 Offering: urn:ngsi-ld:product-offering:abc6d270-9180-4633-aa89-70cab81e7ea1
  ✅ 发现 Catalog: 5 个 Offerings
  ✅ Consumer 认证: Token 获取成功
  ✅ Contract Negotiation: AGREED | contract-44f668c6
  ✅ Transfer Process: COMPLETED | transfer-a8bece039a55
  ✅ 数据获取: 1 条记录
------------------------------------------------------------
✅ 真实集群端到端数据交换流程全部完成!

  耗时: 0.5s
